<?xml version="1.0" encoding="UTF-8"?>
<!-- Generated by org.testng.reporters.JUnitReportReporter -->
<testsuite skipped="0" hostname="Cinthias-MBP-2.fritz.box" name="Adjust_Task2_Booking_System" tests="5" failures="0" timestamp="2020-10-28T16:29:25 CET" time="2.664" errors="0">
  <testcase name="test_2_fetch_created_booking_by_id" time="0.281" classname="Adjust_Task2_Booking_System"/>
  <system-out/>
  <testcase name="test_1a_cannot_create_booking_with_bigger_start_date" time="1.222" classname="Adjust_Task2_Booking_System"/>
  <system-out/>
  <testcase name="test_4_update_and_delete_created_booking" time="0.001" classname="Adjust_Task2_Booking_System"/>
  <system-out/>
  <testcase name="test_1b_create_successful_booking" time="0.815" classname="Adjust_Task2_Booking_System"/>
  <system-out/>
  <testcase name="test_3_at_least_one_booking_returned_when_fetching_all_bookings" time="0.345" classname="Adjust_Task2_Booking_System"/>
  <system-out/>
</testsuite> <!-- Adjust_Task2_Booking_System -->
